<?xml version="1.0" encoding="UTF-8"?>
<!-- Generated by org.testng.reporters.JUnitXMLReporter -->
<testsuite ignored="6" hostname="DESKTOP-02956BS" failures="0" tests="7" name="Test" time="113.346" errors="0" timestamp="2023-01-17T17:15:27 IST">
  <testcase classname="TestingControls.CreateStudentTest" name="createstudentTest" time="17.141"/>
  <testcase classname="TestingControls.ControlsTest" name="AccordianControlTest" time="0.306"/>
  <testcase classname="TestingControls.ControlsTest" name="IFrameTest" time="2.832"/>
  <testcase classname="TestingControls.ControlsTest" name="UiTestNewTabTest" time="1.473"/>
  <testcase classname="TestingControls.ControlsTest" name="doubleClickTest" time="11.578"/>
  <testcase classname="TestingControls.ControlsTest" name="dragAndDropTest" time="10.351"/>
  <testcase classname="TestingControls.CreateFormTest" name="createFormTest" time="8.886"/>
  <testcase classname="GenericLibraries.BaseClass" name="@AfterTest acConfigration" time="0.0">
    <ignored/>
  </testcase> <!-- @AfterTest acConfigration -->
  <testcase classname="GenericLibraries.BaseClass" name="@AfterTest acConfigration" time="0.0">
    <ignored/>
  </testcase> <!-- @AfterTest acConfigration -->
  <testcase classname="GenericLibraries.BaseClass" name="@AfterSuite asConfigration" time="0.0">
    <ignored/>
  </testcase> <!-- @AfterSuite asConfigration -->
  <testcase classname="GenericLibraries.BaseClass" name="@AfterSuite asConfigration" time="0.0">
    <ignored/>
  </testcase> <!-- @AfterSuite asConfigration -->
  <testcase classname="GenericLibraries.BaseClass" name="@BeforeSuite bsConfigration" time="0.0">
    <ignored/>
  </testcase> <!-- @BeforeSuite bsConfigration -->
  <testcase classname="GenericLibraries.BaseClass" name="@BeforeSuite bsConfigration" time="0.0">
    <ignored/>
  </testcase> <!-- @BeforeSuite bsConfigration -->
</testsuite> <!-- Test -->
