<?xml version="1.0" encoding="UTF-8"?>
<!-- Generated by org.testng.reporters.JUnitXMLReporter -->
<testsuite ignored="8" hostname="DESKTOP-02956BS" failures="0" tests="0" name="TestControls-firefox" time="71.386" errors="0" timestamp="2023-01-17T17:34:04 IST">
  <testcase classname="GenericLibraries.BaseClass" name="@AfterTest acConfigration" time="0.0">
    <ignored/>
  </testcase> <!-- @AfterTest acConfigration -->
  <testcase classname="GenericLibraries.BaseClass" name="@AfterTest acConfigration" time="0.0">
    <ignored/>
  </testcase> <!-- @AfterTest acConfigration -->
  <testcase classname="GenericLibraries.BaseClass" name="@AfterSuite asConfigration" time="0.0">
    <ignored/>
  </testcase> <!-- @AfterSuite asConfigration -->
  <testcase classname="GenericLibraries.BaseClass" name="@AfterSuite asConfigration" time="0.0">
    <ignored/>
  </testcase> <!-- @AfterSuite asConfigration -->
  <testcase classname="GenericLibraries.BaseClass" name="@BeforeSuite bsConfigration" time="0.0">
    <ignored/>
  </testcase> <!-- @BeforeSuite bsConfigration -->
  <testcase classname="GenericLibraries.BaseClass" name="@BeforeSuite bsConfigration" time="0.0">
    <ignored/>
  </testcase> <!-- @BeforeSuite bsConfigration -->
  <testcase classname="GenericLibraries.BaseClass" name="@BeforeTest bcConfigration" time="0.0">
    <ignored/>
  </testcase> <!-- @BeforeTest bcConfigration -->
  <testcase classname="GenericLibraries.BaseClass" name="@BeforeTest bcConfigration" time="0.0">
    <ignored/>
  </testcase> <!-- @BeforeTest bcConfigration -->
</testsuite> <!-- TestControls-firefox -->
