<?xml version="1.0" encoding="UTF-8"?>
<testng-results ignored="0" total="2" passed="2" failed="0" skipped="0">
  <reporter-output>
    <line>
      <![CDATA[- - - DataBase Connected Succesfully - - -]]>
    </line>
    <line>
      <![CDATA[Execution of Suite File was Started]]>
    </line>
    <line>
      <![CDATA[ - - - chrome Has Launched Succesfully - - - ]]>
    </line>
    <line>
      <![CDATA[Execution of Suite File was Started]]>
    </line>
    <line>
      <![CDATA[ - - - chrome Has Launched Succesfully - - - ]]>
    </line>
    <line>
      <![CDATA[ - - - Logged Into The Application Succesfully - - - ]]>
    </line>
    <line>
      <![CDATA[ - - - Logged Into The Application Succesfully - - - ]]>
    </line>
    <line>
      <![CDATA[Created Student Form Succesfully]]>
    </line>
    <line>
      <![CDATA[ - - - Logged Out From The Application Succesfully - - - ]]>
    </line>
    <line>
      <![CDATA[ - - - chrome Has Closed Succesfully - - - ]]>
    </line>
    <line>
      <![CDATA[ - - - chrome Has Closed Succesfully - - - ]]>
    </line>
    <line>
      <![CDATA[Created Student Succesfully]]>
    </line>
    <line>
      <![CDATA[ - - - Logged Out From The Application Succesfully - - - ]]>
    </line>
    <line>
      <![CDATA[ - - - chrome Has Closed Succesfully - - - ]]>
    </line>
    <line>
      <![CDATA[ - - - chrome Has Closed Succesfully - - - ]]>
    </line>
    <line>
      <![CDATA[- - - DataBase Closed Succesfully - - - ]]>
    </line>
  </reporter-output>
  <suite started-at="2023-01-17T18:07:04 IST" name="Suite" finished-at="2023-01-17T18:07:54 IST" duration-ms="49977">
    <groups>
    </groups>
    <test started-at="2023-01-17T18:07:04 IST" name="Test-Runner-2" finished-at="2023-01-17T18:07:50 IST" duration-ms="45326">
      <class name="TestingControls.CreateFormTest">
        <test-method is-config="true" signature="bsConfigration()[pri:0, instance:TestingControls.CreateFormTest@18078bef]" started-at="2023-01-17T18:07:04 IST" name="bsConfigration" finished-at="2023-01-17T18:07:04 IST" duration-ms="14" status="PASS">
          <reporter-output>
            <line>
              <![CDATA[- - - DataBase Connected Succesfully - - -]]>
            </line>
          </reporter-output>
        </test-method> <!-- bsConfigration -->
        <test-method is-config="true" signature="bcConfigration()[pri:0, instance:TestingControls.CreateFormTest@18078bef]" started-at="2023-01-17T18:07:05 IST" name="bcConfigration" finished-at="2023-01-17T18:07:27 IST" duration-ms="21681" status="PASS">
          <reporter-output>
            <line>
              <![CDATA[ - - - chrome Has Launched Succesfully - - - ]]>
            </line>
          </reporter-output>
        </test-method> <!-- bcConfigration -->
        <test-method is-config="true" signature="bmConfigration()[pri:0, instance:TestingControls.CreateFormTest@18078bef]" started-at="2023-01-17T18:07:27 IST" name="bmConfigration" finished-at="2023-01-17T18:07:27 IST" duration-ms="1" status="PASS">
          <reporter-output>
            <line>
              <![CDATA[ - - - Logged Into The Application Succesfully - - - ]]>
            </line>
          </reporter-output>
        </test-method> <!-- bmConfigration -->
        <test-method signature="createFormTest()[pri:0, instance:TestingControls.CreateFormTest@18078bef]" started-at="2023-01-17T18:07:27 IST" name="createFormTest" finished-at="2023-01-17T18:07:45 IST" duration-ms="18263" status="PASS">
          <reporter-output>
            <line>
              <![CDATA[Created Student Form Succesfully]]>
            </line>
          </reporter-output>
        </test-method> <!-- createFormTest -->
        <test-method is-config="true" signature="amConfigration()[pri:0, instance:TestingControls.CreateFormTest@18078bef]" started-at="2023-01-17T18:07:45 IST" name="amConfigration" finished-at="2023-01-17T18:07:45 IST" duration-ms="0" status="PASS">
          <reporter-output>
            <line>
              <![CDATA[ - - - Logged Out From The Application Succesfully - - - ]]>
            </line>
          </reporter-output>
        </test-method> <!-- amConfigration -->
        <test-method is-config="true" signature="acConfigration()[pri:0, instance:TestingControls.CreateFormTest@18078bef]" started-at="2023-01-17T18:07:45 IST" name="acConfigration" finished-at="2023-01-17T18:07:50 IST" duration-ms="4721" status="PASS">
          <reporter-output>
            <line>
              <![CDATA[ - - - chrome Has Closed Succesfully - - - ]]>
            </line>
          </reporter-output>
        </test-method> <!-- acConfigration -->
        <test-method is-config="true" signature="acConfigration()[pri:0, instance:TestingControls.CreateFormTest@18078bef]" started-at="2023-01-17T18:07:50 IST" name="acConfigration" finished-at="2023-01-17T18:07:50 IST" duration-ms="5" status="PASS">
          <reporter-output>
            <line>
              <![CDATA[ - - - chrome Has Closed Succesfully - - - ]]>
            </line>
          </reporter-output>
        </test-method> <!-- acConfigration -->
        <test-method is-config="true" signature="asConfigration()[pri:0, instance:TestingControls.CreateFormTest@18078bef]" started-at="2023-01-17T18:07:54 IST" name="asConfigration" finished-at="2023-01-17T18:07:54 IST" duration-ms="0" status="PASS">
          <reporter-output>
            <line>
              <![CDATA[- - - DataBase Closed Succesfully - - - ]]>
            </line>
          </reporter-output>
        </test-method> <!-- asConfigration -->
      </class> <!-- TestingControls.CreateFormTest -->
    </test> <!-- Test-Runner-2 -->
    <test started-at="2023-01-17T18:07:04 IST" name="Test-Runner-1" finished-at="2023-01-17T18:07:54 IST" duration-ms="49977">
      <class name="TestingControls.CreateStudentTest">
        <test-method is-config="true" signature="bcConfigration()[pri:0, instance:TestingControls.CreateStudentTest@5158b42f]" started-at="2023-01-17T18:07:05 IST" name="bcConfigration" finished-at="2023-01-17T18:07:27 IST" duration-ms="21604" status="PASS">
          <reporter-output>
            <line>
              <![CDATA[ - - - chrome Has Launched Succesfully - - - ]]>
            </line>
          </reporter-output>
        </test-method> <!-- bcConfigration -->
        <test-method is-config="true" signature="bmConfigration()[pri:0, instance:TestingControls.CreateStudentTest@5158b42f]" started-at="2023-01-17T18:07:27 IST" name="bmConfigration" finished-at="2023-01-17T18:07:27 IST" duration-ms="1" status="PASS">
          <reporter-output>
            <line>
              <![CDATA[ - - - Logged Into The Application Succesfully - - - ]]>
            </line>
          </reporter-output>
        </test-method> <!-- bmConfigration -->
        <test-method signature="createstudentTest()[pri:0, instance:TestingControls.CreateStudentTest@5158b42f]" started-at="2023-01-17T18:07:27 IST" name="createstudentTest" finished-at="2023-01-17T18:07:52 IST" duration-ms="25325" status="PASS">
          <reporter-output>
            <line>
              <![CDATA[Created Student Succesfully]]>
            </line>
          </reporter-output>
        </test-method> <!-- createstudentTest -->
        <test-method is-config="true" signature="amConfigration()[pri:0, instance:TestingControls.CreateStudentTest@5158b42f]" started-at="2023-01-17T18:07:52 IST" name="amConfigration" finished-at="2023-01-17T18:07:52 IST" duration-ms="0" status="PASS">
          <reporter-output>
            <line>
              <![CDATA[ - - - Logged Out From The Application Succesfully - - - ]]>
            </line>
          </reporter-output>
        </test-method> <!-- amConfigration -->
        <test-method is-config="true" signature="acConfigration()[pri:0, instance:TestingControls.CreateStudentTest@5158b42f]" started-at="2023-01-17T18:07:52 IST" name="acConfigration" finished-at="2023-01-17T18:07:54 IST" duration-ms="2409" status="PASS">
          <reporter-output>
            <line>
              <![CDATA[ - - - chrome Has Closed Succesfully - - - ]]>
            </line>
          </reporter-output>
        </test-method> <!-- acConfigration -->
        <test-method is-config="true" signature="acConfigration()[pri:0, instance:TestingControls.CreateStudentTest@5158b42f]" started-at="2023-01-17T18:07:54 IST" name="acConfigration" finished-at="2023-01-17T18:07:54 IST" duration-ms="1" status="PASS">
          <reporter-output>
            <line>
              <![CDATA[ - - - chrome Has Closed Succesfully - - - ]]>
            </line>
          </reporter-output>
        </test-method> <!-- acConfigration -->
      </class> <!-- TestingControls.CreateStudentTest -->
    </test> <!-- Test-Runner-1 -->
  </suite> <!-- Suite -->
</testng-results>
