<?xml version="1.0" encoding="UTF-8"?>
<testng-results ignored="0" total="1" passed="1" failed="0" skipped="0">
  <reporter-output>
    <line>
      <![CDATA[- - - DataBase Connected Succesfully - - -]]>
    </line>
    <line>
      <![CDATA[Execution of Suite File was Started]]>
    </line>
    <line>
      <![CDATA[ - - - chrome Has Launched Succesfully - - - ]]>
    </line>
    <line>
      <![CDATA[ - - - Logged Into The Application Succesfully - - - ]]>
    </line>
    <line>
      <![CDATA[Created Student Form Succesfully]]>
    </line>
    <line>
      <![CDATA[ - - - Logged Out From The Application Succesfully - - - ]]>
    </line>
    <line>
      <![CDATA[ - - - chrome Has Closed Succesfully - - - ]]>
    </line>
    <line>
      <![CDATA[ - - - chrome Has Closed Succesfully - - - ]]>
    </line>
    <line>
      <![CDATA[Execution of Suite File was Finished]]>
    </line>
    <line>
      <![CDATA[- - - DataBase Closed Succesfully - - - ]]>
    </line>
  </reporter-output>
  <suite started-at="2023-01-16T16:47:55 IST" name="Default suite" finished-at="2023-01-16T16:49:08 IST" duration-ms="73289">
    <groups>
    </groups>
    <test started-at="2023-01-16T16:47:55 IST" name="Default test" finished-at="2023-01-16T16:49:08 IST" duration-ms="73289">
      <class name="TestingControls.CreateFormTest">
        <test-method is-config="true" signature="bsConfigration()[pri:0, instance:TestingControls.CreateFormTest@79e2c065]" started-at="2023-01-16T16:47:55 IST" name="bsConfigration" finished-at="2023-01-16T16:47:55 IST" duration-ms="13" status="PASS">
          <reporter-output>
            <line>
              <![CDATA[- - - DataBase Connected Succesfully - - -]]>
            </line>
          </reporter-output>
        </test-method> <!-- bsConfigration -->
        <test-method is-config="true" signature="bcConfigration()[pri:0, instance:TestingControls.CreateFormTest@79e2c065]" started-at="2023-01-16T16:47:55 IST" name="bcConfigration" finished-at="2023-01-16T16:48:44 IST" duration-ms="49064" status="PASS">
          <reporter-output>
            <line>
              <![CDATA[ - - - chrome Has Launched Succesfully - - - ]]>
            </line>
          </reporter-output>
        </test-method> <!-- bcConfigration -->
        <test-method is-config="true" signature="bmConfigration()[pri:0, instance:TestingControls.CreateFormTest@79e2c065]" started-at="2023-01-16T16:48:44 IST" name="bmConfigration" finished-at="2023-01-16T16:48:44 IST" duration-ms="2" status="PASS">
          <reporter-output>
            <line>
              <![CDATA[ - - - Logged Into The Application Succesfully - - - ]]>
            </line>
          </reporter-output>
        </test-method> <!-- bmConfigration -->
        <test-method signature="createFormTest()[pri:0, instance:TestingControls.CreateFormTest@79e2c065]" started-at="2023-01-16T16:48:44 IST" name="createFormTest" finished-at="2023-01-16T16:49:05 IST" duration-ms="20810" status="PASS">
          <reporter-output>
            <line>
              <![CDATA[Created Student Form Succesfully]]>
            </line>
          </reporter-output>
        </test-method> <!-- createFormTest -->
        <test-method is-config="true" signature="amConfigration()[pri:0, instance:TestingControls.CreateFormTest@79e2c065]" started-at="2023-01-16T16:49:05 IST" name="amConfigration" finished-at="2023-01-16T16:49:05 IST" duration-ms="1" status="PASS">
          <reporter-output>
            <line>
              <![CDATA[ - - - Logged Out From The Application Succesfully - - - ]]>
            </line>
          </reporter-output>
        </test-method> <!-- amConfigration -->
        <test-method is-config="true" signature="acConfigration()[pri:0, instance:TestingControls.CreateFormTest@79e2c065]" started-at="2023-01-16T16:49:05 IST" name="acConfigration" finished-at="2023-01-16T16:49:08 IST" duration-ms="2689" status="PASS">
          <reporter-output>
            <line>
              <![CDATA[ - - - chrome Has Closed Succesfully - - - ]]>
            </line>
          </reporter-output>
        </test-method> <!-- acConfigration -->
        <test-method is-config="true" signature="acConfigration()[pri:0, instance:TestingControls.CreateFormTest@79e2c065]" started-at="2023-01-16T16:49:08 IST" name="acConfigration" finished-at="2023-01-16T16:49:08 IST" duration-ms="3" status="PASS">
          <reporter-output>
            <line>
              <![CDATA[ - - - chrome Has Closed Succesfully - - - ]]>
            </line>
          </reporter-output>
        </test-method> <!-- acConfigration -->
        <test-method is-config="true" signature="asConfigration()[pri:0, instance:TestingControls.CreateFormTest@79e2c065]" started-at="2023-01-16T16:49:10 IST" name="asConfigration" finished-at="2023-01-16T16:49:10 IST" duration-ms="0" status="PASS">
          <reporter-output>
            <line>
              <![CDATA[- - - DataBase Closed Succesfully - - - ]]>
            </line>
          </reporter-output>
        </test-method> <!-- asConfigration -->
      </class> <!-- TestingControls.CreateFormTest -->
    </test> <!-- Default test -->
  </suite> <!-- Default suite -->
</testng-results>
